<?xml version="1.0" encoding="UTF-8"?>
<testsuite xmlns:xsi="http://www.w3.org/2001/XMLSchema-instance" xsi:noNamespaceSchemaLocation="https://maven.apache.org/surefire/maven-surefire-plugin/xsd/surefire-test-report-3.0.xsd" version="3.0" name="testConexiones.TestAlumnoConexion" time="0.007" tests="0" errors="0" skipped="0" failures="0">
  <properties>
    <property name="java.specification.version" value="20"/>
    <property name="sun.cpu.isalist" value="amd64"/>
    <property name="sun.jnu.encoding" value="Cp1252"/>
    <property name="java.class.path" value="D:\GitHub-Clon\ProyectoUniversidad\Transversal\target\test-classes;D:\GitHub-Clon\ProyectoUniversidad\Transversal\target\classes;C:\Users\jdbar\.m2\repository\org\mariadb\jdbc\mariadb-java-client\3.0.11\mariadb-java-client-3.0.11.jar;C:\Users\jdbar\.m2\repository\com\formdev\flatlaf\3.2.1\flatlaf-3.2.1.jar;C:\Users\jdbar\.m2\repository\com\formdev\flatlaf-intellij-themes\3.2.1\flatlaf-intellij-themes-3.2.1.jar;C:\Users\jdbar\.m2\repository\com\toedter\jcalendar\1.4\jcalendar-1.4.jar;"/>
    <property name="java.vm.vendor" value="Oracle Corporation"/>
    <property name="sun.arch.data.model" value="64"/>
    <property name="user.variant" value=""/>
    <property name="java.vendor.url" value="https://java.oracle.com/"/>
    <property name="user.timezone" value="America/Buenos_Aires"/>
    <property name="os.name" value="Windows 10"/>
    <property name="java.vm.specification.version" value="20"/>
    <property name="user.country" value="AR"/>
    <property name="sun.java.launcher" value="SUN_STANDARD"/>
    <property name="sun.boot.library.path" value="C:\Users\jdbar\OneDrive\Documentos\NetBeansJDKs\jdk-20.0.2_windows-x64_bin\jdk-20.0.2\bin"/>
    <property name="sun.java.command" value="C:\Users\jdbar\AppData\Local\Temp\surefire11029050226934550619\surefirebooter-20230921153710073_3.jar C:\Users\jdbar\AppData\Local\Temp\surefire11029050226934550619 2023-09-21T15-37-08_104-jvmRun1 surefire-20230921153710073_1tmp surefire_0-20230921153710073_2tmp"/>
    <property name="jdk.debug" value="release"/>
    <property name="surefire.test.class.path" value="D:\GitHub-Clon\ProyectoUniversidad\Transversal\target\test-classes;D:\GitHub-Clon\ProyectoUniversidad\Transversal\target\classes;C:\Users\jdbar\.m2\repository\org\mariadb\jdbc\mariadb-java-client\3.0.11\mariadb-java-client-3.0.11.jar;C:\Users\jdbar\.m2\repository\com\formdev\flatlaf\3.2.1\flatlaf-3.2.1.jar;C:\Users\jdbar\.m2\repository\com\formdev\flatlaf-intellij-themes\3.2.1\flatlaf-intellij-themes-3.2.1.jar;C:\Users\jdbar\.m2\repository\com\toedter\jcalendar\1.4\jcalendar-1.4.jar;"/>
    <property name="sun.cpu.endian" value="little"/>
    <property name="user.home" value="C:\Users\jdbar"/>
    <property name="user.language" value="es"/>
    <property name="java.specification.vendor" value="Oracle Corporation"/>
    <property name="java.version.date" value="2023-07-18"/>
    <property name="java.home" value="C:\Users\jdbar\OneDrive\Documentos\NetBeansJDKs\jdk-20.0.2_windows-x64_bin\jdk-20.0.2"/>
    <property name="file.separator" value="\"/>
    <property name="basedir" value="D:\GitHub-Clon\ProyectoUniversidad\Transversal"/>
    <property name="java.vm.compressedOopsMode" value="Zero based"/>
    <property name="line.separator" value="&#10;"/>
    <property name="java.vm.specification.vendor" value="Oracle Corporation"/>
    <property name="java.specification.name" value="Java Platform API Specification"/>
    <property name="surefire.real.class.path" value="C:\Users\jdbar\AppData\Local\Temp\surefire11029050226934550619\surefirebooter-20230921153710073_3.jar"/>
    <property name="user.script" value=""/>
    <property name="sun.management.compiler" value="HotSpot 64-Bit Tiered Compilers"/>
    <property name="java.runtime.version" value="20.0.2+9-78"/>
    <property name="user.name" value="jdbar"/>
    <property name="stdout.encoding" value="Cp1252"/>
    <property name="path.separator" value=";"/>
    <property name="os.version" value="10.0"/>
    <property name="java.runtime.name" value="Java(TM) SE Runtime Environment"/>
    <property name="file.encoding" value="UTF-8"/>
    <property name="java.vm.name" value="Java HotSpot(TM) 64-Bit Server VM"/>
    <property name="maven.ext.class.path" value="C:\Program Files\NetBeans-18\netbeans\java\maven-nblib\netbeans-eventspy.jar"/>
    <property name="localRepository" value="C:\Users\jdbar\.m2\repository"/>
    <property name="java.vendor.url.bug" value="https://bugreport.java.com/bugreport/"/>
    <property name="java.io.tmpdir" value="C:\Users\jdbar\AppData\Local\Temp\"/>
    <property name="java.version" value="20.0.2"/>
    <property name="user.dir" value="D:\GitHub-Clon\ProyectoUniversidad\Transversal"/>
    <property name="os.arch" value="amd64"/>
    <property name="java.vm.specification.name" value="Java Virtual Machine Specification"/>
    <property name="sun.os.patch.level" value=""/>
    <property name="native.encoding" value="Cp1252"/>
    <property name="java.library.path" value="C:\Users\jdbar\OneDrive\Documentos\NetBeansJDKs\jdk-20.0.2_windows-x64_bin\jdk-20.0.2\bin;C:\WINDOWS\Sun\Java\bin;C:\WINDOWS\system32;C:\WINDOWS;C:\Python311\Scripts\;C:\Python311\;C:\ProgramData\Oracle\Java\javapath;C:\Program Files\Common Files\Oracle\Java\javapath;C:\Program Files (x86)\Common Files\Oracle\Java\javapath;C:\Program Files (x86)\Common Files\Intel\Shared Libraries\redist\intel64\compiler;C:\Program Files (x86)\Razer\ChromaBroadcast\bin;C:\Program Files\Razer\ChromaBroadcast\bin;C:\WINDOWS\system32;C:\WINDOWS;C:\WINDOWS\System32\Wbem;C:\WINDOWS\System32\WindowsPowerShell\v1.0\;C:\WINDOWS\System32\OpenSSH\;C:\Program Files (x86)\Windows Live\Shared;C:\Users\jdbar\AppData\Local\Microsoft\WindowsApps;C:\WINDOWS\system32;C:\WINDOWS;C:\WINDOWS\System32\Wbem;C:\WINDOWS\System32\WindowsPowerShell\v1.0\;C:\WINDOWS\System32\OpenSSH\;C:\Program Files\dotnet\;C:\wamp64\bin\php\php7.4.26;C:\Program Files\Git\cmd;C:\ProgramData\chocolatey\bin;C:\Program Files\nodejs\;C:\Users\jdbar\AppData\Local\Programs\Python\Python310\Scripts\;C:\Users\jdbar\AppData\Local\Programs\Python\Python310\;C:\Users\jdbar\AppData\Local\Microsoft\WindowsApps;C:\Program Files\mingw-w64\mingw32\bin;C:\Users\jdbar\AppData\Local\Programs\Microsoft VS Code\bin;C:\Users\jdbar\AppData\Local\GitHubDesktop\bin;C:\Users\jdbar\AppData\Roaming\npm;C:\Users\jdbar\AppData\Local\Android\Sdk\platform-tools;C:\Program Files\Java\jdk-11.0.20+8;;."/>
    <property name="java.vm.info" value="mixed mode, sharing"/>
    <property name="stderr.encoding" value="Cp1252"/>
    <property name="java.vendor" value="Oracle Corporation"/>
    <property name="java.vm.version" value="20.0.2+9-78"/>
    <property name="sun.io.unicode.encoding" value="UnicodeLittle"/>
    <property name="java.class.version" value="64.0"/>
  </properties>
</testsuite>